[debug] [2023-11-12T19:04:30.243Z] ----------------------------------------------------------------------
[debug] [2023-11-12T19:04:30.244Z] Command:       /Users/jordimarti/.nvm/versions/node/v16.19.0/bin/node /Users/jordimarti/.nvm/versions/node/v16.19.0/bin/firebase deploy --only functions
[debug] [2023-11-12T19:04:30.244Z] CLI Version:   12.8.1
[debug] [2023-11-12T19:04:30.245Z] Platform:      darwin
[debug] [2023-11-12T19:04:30.245Z] Node Version:  v16.19.0
[debug] [2023-11-12T19:04:30.247Z] Time:          Sun Nov 12 2023 20:04:30 GMT+0100 (hora estándar de Europa central)
[debug] [2023-11-12T19:04:30.247Z] ----------------------------------------------------------------------
[debug] 
[debug] [2023-11-12T19:04:30.279Z] > command requires scopes: ["email","openid","https://www.googleapis.com/auth/cloudplatformprojects.readonly","https://www.googleapis.com/auth/firebase","https://www.googleapis.com/auth/cloud-platform"]
[debug] [2023-11-12T19:04:30.279Z] > authorizing via signed-in user (heedrox@gmail.com)
[debug] [2023-11-12T19:04:30.279Z] [iam] checking project mansion-espiritus-lkgoxs for permissions ["cloudfunctions.functions.create","cloudfunctions.functions.delete","cloudfunctions.functions.get","cloudfunctions.functions.list","cloudfunctions.functions.update","cloudfunctions.operations.get","firebase.projects.get"]
[debug] [2023-11-12T19:04:30.280Z] >>> [apiv2][query] POST https://cloudresourcemanager.googleapis.com/v1/projects/mansion-espiritus-lkgoxs:testIamPermissions [none]
[debug] [2023-11-12T19:04:30.280Z] >>> [apiv2][(partial)header] POST https://cloudresourcemanager.googleapis.com/v1/projects/mansion-espiritus-lkgoxs:testIamPermissions x-goog-quota-user=projects/mansion-espiritus-lkgoxs
[debug] [2023-11-12T19:04:30.280Z] >>> [apiv2][body] POST https://cloudresourcemanager.googleapis.com/v1/projects/mansion-espiritus-lkgoxs:testIamPermissions {"permissions":["cloudfunctions.functions.create","cloudfunctions.functions.delete","cloudfunctions.functions.get","cloudfunctions.functions.list","cloudfunctions.functions.update","cloudfunctions.operations.get","firebase.projects.get"]}
[debug] [2023-11-12T19:04:31.055Z] <<< [apiv2][status] POST https://cloudresourcemanager.googleapis.com/v1/projects/mansion-espiritus-lkgoxs:testIamPermissions 200
[debug] [2023-11-12T19:04:31.056Z] <<< [apiv2][body] POST https://cloudresourcemanager.googleapis.com/v1/projects/mansion-espiritus-lkgoxs:testIamPermissions {"permissions":["cloudfunctions.functions.create","cloudfunctions.functions.delete","cloudfunctions.functions.get","cloudfunctions.functions.list","cloudfunctions.functions.update","cloudfunctions.operations.get","firebase.projects.get"]}
[debug] [2023-11-12T19:04:31.057Z] >>> [apiv2][query] POST https://iam.googleapis.com/v1/projects/mansion-espiritus-lkgoxs/serviceAccounts/mansion-espiritus-lkgoxs@appspot.gserviceaccount.com:testIamPermissions [none]
[debug] [2023-11-12T19:04:31.057Z] >>> [apiv2][body] POST https://iam.googleapis.com/v1/projects/mansion-espiritus-lkgoxs/serviceAccounts/mansion-espiritus-lkgoxs@appspot.gserviceaccount.com:testIamPermissions {"permissions":["iam.serviceAccounts.actAs"]}
[debug] [2023-11-12T19:04:31.863Z] <<< [apiv2][status] POST https://iam.googleapis.com/v1/projects/mansion-espiritus-lkgoxs/serviceAccounts/mansion-espiritus-lkgoxs@appspot.gserviceaccount.com:testIamPermissions 200
[debug] [2023-11-12T19:04:31.864Z] <<< [apiv2][body] POST https://iam.googleapis.com/v1/projects/mansion-espiritus-lkgoxs/serviceAccounts/mansion-espiritus-lkgoxs@appspot.gserviceaccount.com:testIamPermissions {"permissions":["iam.serviceAccounts.actAs"]}
[info] 
[info] === Deploying to 'mansion-espiritus-lkgoxs'...
[info] 
[info] i  deploying functions 
[info] Running command: npm --prefix "$RESOURCE_DIR" run lint
[info] ✔  functions: Finished running predeploy script. 
[debug] [2023-11-12T19:04:32.530Z] >>> [apiv2][query] GET https://firebase.googleapis.com/v1beta1/projects/mansion-espiritus-lkgoxs [none]
[debug] [2023-11-12T19:04:32.820Z] <<< [apiv2][status] GET https://firebase.googleapis.com/v1beta1/projects/mansion-espiritus-lkgoxs 200
[debug] [2023-11-12T19:04:32.820Z] <<< [apiv2][body] GET https://firebase.googleapis.com/v1beta1/projects/mansion-espiritus-lkgoxs {"projectId":"mansion-espiritus-lkgoxs","projectNumber":"997389903772","displayName":"mansion-espiritus","name":"projects/mansion-espiritus-lkgoxs","resources":{"hostingSite":"mansion-espiritus-lkgoxs","realtimeDatabaseInstance":"mansion-espiritus-lkgoxs"},"state":"ACTIVE","etag":"1_c6ca6ae0-3d5c-4f82-9e99-b6d0ac8c0f39"}
[info] i  functions: preparing codebase default for deployment 
[info] i  functions: ensuring required API cloudfunctions.googleapis.com is enabled... 
[info] i  functions: ensuring required API cloudbuild.googleapis.com is enabled... 
[info] i  artifactregistry: ensuring required API artifactregistry.googleapis.com is enabled... 
[debug] [2023-11-12T19:04:32.823Z] >>> [apiv2][query] GET https://serviceusage.googleapis.com/v1/projects/mansion-espiritus-lkgoxs/services/cloudfunctions.googleapis.com [none]
[debug] [2023-11-12T19:04:32.823Z] >>> [apiv2][(partial)header] GET https://serviceusage.googleapis.com/v1/projects/mansion-espiritus-lkgoxs/services/cloudfunctions.googleapis.com x-goog-quota-user=projects/mansion-espiritus-lkgoxs
[debug] [2023-11-12T19:04:32.825Z] >>> [apiv2][query] GET https://serviceusage.googleapis.com/v1/projects/mansion-espiritus-lkgoxs/services/runtimeconfig.googleapis.com [none]
[debug] [2023-11-12T19:04:32.825Z] >>> [apiv2][(partial)header] GET https://serviceusage.googleapis.com/v1/projects/mansion-espiritus-lkgoxs/services/runtimeconfig.googleapis.com x-goog-quota-user=projects/mansion-espiritus-lkgoxs
[debug] [2023-11-12T19:04:32.826Z] >>> [apiv2][query] GET https://serviceusage.googleapis.com/v1/projects/mansion-espiritus-lkgoxs/services/cloudbuild.googleapis.com [none]
[debug] [2023-11-12T19:04:32.826Z] >>> [apiv2][(partial)header] GET https://serviceusage.googleapis.com/v1/projects/mansion-espiritus-lkgoxs/services/cloudbuild.googleapis.com x-goog-quota-user=projects/mansion-espiritus-lkgoxs
[debug] [2023-11-12T19:04:32.828Z] >>> [apiv2][query] GET https://serviceusage.googleapis.com/v1/projects/mansion-espiritus-lkgoxs/services/artifactregistry.googleapis.com [none]
[debug] [2023-11-12T19:04:32.828Z] >>> [apiv2][(partial)header] GET https://serviceusage.googleapis.com/v1/projects/mansion-espiritus-lkgoxs/services/artifactregistry.googleapis.com x-goog-quota-user=projects/mansion-espiritus-lkgoxs
[debug] [2023-11-12T19:04:33.791Z] <<< [apiv2][status] GET https://serviceusage.googleapis.com/v1/projects/mansion-espiritus-lkgoxs/services/cloudbuild.googleapis.com 200
[debug] [2023-11-12T19:04:33.791Z] <<< [apiv2][body] GET https://serviceusage.googleapis.com/v1/projects/mansion-espiritus-lkgoxs/services/cloudbuild.googleapis.com [omitted]
[info] ✔  functions: required API cloudbuild.googleapis.com is enabled 
[debug] [2023-11-12T19:04:33.792Z] <<< [apiv2][status] GET https://serviceusage.googleapis.com/v1/projects/mansion-espiritus-lkgoxs/services/artifactregistry.googleapis.com 200
[debug] [2023-11-12T19:04:33.792Z] <<< [apiv2][body] GET https://serviceusage.googleapis.com/v1/projects/mansion-espiritus-lkgoxs/services/artifactregistry.googleapis.com [omitted]
[info] ✔  artifactregistry: required API artifactregistry.googleapis.com is enabled 
[debug] [2023-11-12T19:04:33.793Z] <<< [apiv2][status] GET https://serviceusage.googleapis.com/v1/projects/mansion-espiritus-lkgoxs/services/runtimeconfig.googleapis.com 200
[debug] [2023-11-12T19:04:33.793Z] <<< [apiv2][body] GET https://serviceusage.googleapis.com/v1/projects/mansion-espiritus-lkgoxs/services/runtimeconfig.googleapis.com [omitted]
[debug] [2023-11-12T19:04:33.799Z] <<< [apiv2][status] GET https://serviceusage.googleapis.com/v1/projects/mansion-espiritus-lkgoxs/services/cloudfunctions.googleapis.com 200
[debug] [2023-11-12T19:04:33.799Z] <<< [apiv2][body] GET https://serviceusage.googleapis.com/v1/projects/mansion-espiritus-lkgoxs/services/cloudfunctions.googleapis.com [omitted]
[info] ✔  functions: required API cloudfunctions.googleapis.com is enabled 
[debug] [2023-11-12T19:04:33.800Z] >>> [apiv2][query] GET https://firebase.googleapis.com/v1beta1/projects/mansion-espiritus-lkgoxs/adminSdkConfig [none]
[debug] [2023-11-12T19:04:34.198Z] <<< [apiv2][status] GET https://firebase.googleapis.com/v1beta1/projects/mansion-espiritus-lkgoxs/adminSdkConfig 200
[debug] [2023-11-12T19:04:34.199Z] <<< [apiv2][body] GET https://firebase.googleapis.com/v1beta1/projects/mansion-espiritus-lkgoxs/adminSdkConfig {"projectId":"mansion-espiritus-lkgoxs","databaseURL":"https://mansion-espiritus-lkgoxs.firebaseio.com","storageBucket":"mansion-espiritus-lkgoxs.appspot.com"}
[debug] [2023-11-12T19:04:34.200Z] >>> [apiv2][query] GET https://runtimeconfig.googleapis.com/v1beta1/projects/mansion-espiritus-lkgoxs/configs [none]
